Constructor
Initialized buffer with size of 19 with channel depth of 2
Time 0 : Buffer load data
Time 1 : Buffer load data
Time 2 : Buffer load data
Time 3 : Buffer load data
Time 4 : Buffer load data
Time 5 : Buffer load data
Time 6 : Buffer load data
Time 7 : Buffer load data
Time 8 : Buffer load data
Time 9 : Buffer load data
Time 10 : Buffer load data
Time 11 : Buffer load data
Time 12 : Buffer load data
Time 13 : Buffer load data
Time 14 : Buffer load data
Time 15 : Buffer load data
Time 16 : Buffer load data
Time 17 : Buffer load data
0: 1 1 Tail
1: 2 2  
2: 3 3  
3: 4 4  
4: 5 5  
5: 6 6  
6: 7 7  
7: 8 8  
8: 9 9  
9: 10 10  
10: 11 11  
11: 12 12  
12: 13 13  
13: 14 14  
14: 15 15  
15: 16 16  
16: 17 17  
17: 18 18  
18: 0 0 Head
Time 18 : Buffer send data
1 2 3 
9 10 11 
17 18 0 

Buffer at time: 21
0: 1 1  
1: 2 2 Tail
2: 3 3  
3: 4 4  
4: 5 5  
5: 6 6  
6: 7 7  
7: 8 8  
8: 9 9  
9: 10 10  
10: 11 11  
11: 12 12  
12: 13 13  
13: 14 14  
14: 15 15  
15: 16 16  
16: 17 17  
17: 18 18  
18: 0 0 Head
Time 21 : Buffer load data
0: 1 1 Head
1: 2 2 Tail
2: 3 3  
3: 4 4  
4: 5 5  
5: 6 6  
6: 7 7  
7: 8 8  
8: 9 9  
9: 10 10  
10: 11 11  
11: 12 12  
12: 13 13  
13: 14 14  
14: 15 15  
15: 16 16  
16: 17 17  
17: 18 18  
18: 39 39  
0: 1 1 Head
1: 2 2 Tail
2: 3 3  
3: 4 4  
4: 5 5  
5: 6 6  
6: 7 7  
7: 8 8  
8: 9 9  
9: 10 10  
10: 11 11  
11: 12 12  
12: 13 13  
13: 14 14  
14: 15 15  
15: 16 16  
16: 17 17  
17: 18 18  
18: 39 39  
Time 22 : Buffer send data
2 3 4 
10 11 12 
18 39 1 

Buffer at time: 25
0: 1 1 Head
1: 2 2  
2: 3 3 Tail
3: 4 4  
4: 5 5  
5: 6 6  
6: 7 7  
7: 8 8  
8: 9 9  
9: 10 10  
10: 11 11  
11: 12 12  
12: 13 13  
13: 14 14  
14: 15 15  
15: 16 16  
16: 17 17  
17: 18 18  
18: 39 39  
Time 25 : Buffer load data
0: 39 39  
1: 2 2 Head
2: 3 3 Tail
3: 4 4  
4: 5 5  
5: 6 6  
6: 7 7  
7: 8 8  
8: 9 9  
9: 10 10  
10: 11 11  
11: 12 12  
12: 13 13  
13: 14 14  
14: 15 15  
15: 16 16  
16: 17 17  
17: 18 18  
18: 39 39  
0: 39 39  
1: 2 2 Head
2: 3 3 Tail
3: 4 4  
4: 5 5  
5: 6 6  
6: 7 7  
7: 8 8  
8: 9 9  
9: 10 10  
10: 11 11  
11: 12 12  
12: 13 13  
13: 14 14  
14: 15 15  
15: 16 16  
16: 17 17  
17: 18 18  
18: 39 39  
Time 26 : Buffer send data
3 4 5 
11 12 13 
39 39 2 

Buffer at time: 29
0: 39 39  
1: 2 2 Head
2: 3 3  
3: 4 4 Tail
4: 5 5  
5: 6 6  
6: 7 7  
7: 8 8  
8: 9 9  
9: 10 10  
10: 11 11  
11: 12 12  
12: 13 13  
13: 14 14  
14: 15 15  
15: 16 16  
16: 17 17  
17: 18 18  
18: 39 39  
Time 29 : Buffer load data
0: 39 39  
1: 39 39  
2: 3 3 Head
3: 4 4 Tail
4: 5 5  
5: 6 6  
6: 7 7  
7: 8 8  
8: 9 9  
9: 10 10  
10: 11 11  
11: 12 12  
12: 13 13  
13: 14 14  
14: 15 15  
15: 16 16  
16: 17 17  
17: 18 18  
18: 39 39  
0: 39 39  
1: 39 39  
2: 3 3 Head
3: 4 4 Tail
4: 5 5  
5: 6 6  
6: 7 7  
7: 8 8  
8: 9 9  
9: 10 10  
10: 11 11  
11: 12 12  
12: 13 13  
13: 14 14  
14: 15 15  
15: 16 16  
16: 17 17  
17: 18 18  
18: 39 39  
Time 30 : Buffer send data
4 5 6 
12 13 14 
39 39 3 

Buffer at time: 33
0: 39 39  
1: 39 39  
2: 3 3 Head
3: 4 4  
4: 5 5 Tail
5: 6 6  
6: 7 7  
7: 8 8  
8: 9 9  
9: 10 10  
10: 11 11  
11: 12 12  
12: 13 13  
13: 14 14  
14: 15 15  
15: 16 16  
16: 17 17  
17: 18 18  
18: 39 39  
Time 33 : Buffer load data
0: 39 39  
1: 39 39  
2: 39 39  
3: 4 4 Head
4: 5 5 Tail
5: 6 6  
6: 7 7  
7: 8 8  
8: 9 9  
9: 10 10  
10: 11 11  
11: 12 12  
12: 13 13  
13: 14 14  
14: 15 15  
15: 16 16  
16: 17 17  
17: 18 18  
18: 39 39  
0: 39 39  
1: 39 39  
2: 39 39  
3: 4 4 Head
4: 5 5 Tail
5: 6 6  
6: 7 7  
7: 8 8  
8: 9 9  
9: 10 10  
10: 11 11  
11: 12 12  
12: 13 13  
13: 14 14  
14: 15 15  
15: 16 16  
16: 17 17  
17: 18 18  
18: 39 39  
Time 34 : Buffer send data
5 6 7 
13 14 15 
39 39 4 

Buffer at time: 37
0: 39 39  
1: 39 39  
2: 39 39  
3: 4 4 Head
4: 5 5  
5: 6 6 Tail
6: 7 7  
7: 8 8  
8: 9 9  
9: 10 10  
10: 11 11  
11: 12 12  
12: 13 13  
13: 14 14  
14: 15 15  
15: 16 16  
16: 17 17  
17: 18 18  
18: 39 39  
Time 37 : Buffer load data
0: 39 39  
1: 39 39  
2: 39 39  
3: 39 39  
4: 5 5 Head
5: 6 6 Tail
6: 7 7  
7: 8 8  
8: 9 9  
9: 10 10  
10: 11 11  
11: 12 12  
12: 13 13  
13: 14 14  
14: 15 15  
15: 16 16  
16: 17 17  
17: 18 18  
18: 39 39  
Destructor
